<?xml version="1.0" encoding="UTF-8"?>
<!-- Generated by org.testng.reporters.JUnitReportReporter -->
<testsuite hostname="Lalis-MBP.fios-router.home" failures="0" tests="1" name="techTriangle_testNG.testing.test" time="1.043" errors="0" timestamp="2022-06-18T12:26:34 EDT" skipped="0">
  <testcase classname="techTriangle_testNG.testing.test" name="test" time="1.043"/>
  <system-out/>
</testsuite> <!-- techTriangle_testNG.testing.test -->
