<?xml version="1.0" encoding="UTF-8"?>
<!-- Generated by org.testng.reporters.JUnitReportReporter -->
<testsuite hostname="Lalis-MBP.fios-router.home" failures="0" tests="7" name="techTriangle_testNG.testing.LoginTest" time="10.508" errors="0" timestamp="2022-06-30T17:12:24 EDT" skipped="0">
  <testcase classname="techTriangle_testNG.testing.LoginTest" name="TTG_LOGIN_001_to_006_verifyLoginFailed" time="2.453"/>
  <system-out/>
  <testcase classname="techTriangle_testNG.testing.LoginTest" name="TTG_LOGIN_001_to_006_verifyLoginFailed" time="1.139"/>
  <system-out/>
  <testcase classname="techTriangle_testNG.testing.LoginTest" name="TTG_LOGIN_001_to_006_verifyLoginFailed" time="1.520"/>
  <system-out/>
  <testcase classname="techTriangle_testNG.testing.LoginTest" name="TTG_LOGIN_007_verifyLoginSuccess" time="1.819"/>
  <system-out/>
  <testcase classname="techTriangle_testNG.testing.LoginTest" name="TTG_LOGIN_001_to_006_verifyLoginFailed" time="1.146"/>
  <system-out/>
  <testcase classname="techTriangle_testNG.testing.LoginTest" name="TTG_LOGIN_001_to_006_verifyLoginFailed" time="1.296"/>
  <system-out/>
  <testcase classname="techTriangle_testNG.testing.LoginTest" name="TTG_LOGIN_001_to_006_verifyLoginFailed" time="1.135"/>
  <system-out/>
</testsuite> <!-- techTriangle_testNG.testing.LoginTest -->
