<?xml version="1.0" encoding="UTF-8"?>
<!-- Generated by org.testng.reporters.JUnitReportReporter -->
<testsuite hostname="Lalis-MBP.fios-router.home" failures="0" tests="7" name="techTriangle_testNG.testing.LoginTest" time="11.731" errors="0" timestamp="2022-06-27T14:15:40 EDT" skipped="0">
  <testcase classname="techTriangle_testNG.testing.LoginTest" name="TTG_LOGIN_001_to_006_verifyLoginFailed" time="1.128"/>
  <system-out/>
  <testcase classname="techTriangle_testNG.testing.LoginTest" name="TTG_LOGIN_001_to_006_verifyLoginFailed" time="1.481"/>
  <system-out/>
  <testcase classname="techTriangle_testNG.testing.LoginTest" name="TTG_LOGIN_001_to_006_verifyLoginFailed" time="1.191"/>
  <system-out/>
  <testcase classname="techTriangle_testNG.testing.LoginTest" name="TTG_LOGIN_001_to_006_verifyLoginFailed" time="1.035"/>
  <system-out/>
  <testcase classname="techTriangle_testNG.testing.LoginTest" name="TTG_LOGIN_001_to_006_verifyLoginFailed" time="1.790"/>
  <system-out/>
  <testcase classname="techTriangle_testNG.testing.LoginTest" name="TTG_LOGIN_001_to_006_verifyLoginFailed" time="1.226"/>
  <system-out/>
  <testcase classname="techTriangle_testNG.testing.LoginTest" name="TTG_LOGIN_007_verifyLoginSuccess" time="3.880"/>
  <system-out/>
</testsuite> <!-- techTriangle_testNG.testing.LoginTest -->
