<?xml version="1.0" encoding="UTF-8"?>
<!-- Generated by org.testng.reporters.JUnitReportReporter -->
<testsuite hostname="Lalis-MBP.fios-router.home" failures="0" tests="3" name="techTriangle_testNG.testing.StrengthAndConNumberPageTest" time="15.373" errors="0" timestamp="2022-06-30T17:13:12 EDT" skipped="0">
  <testcase classname="techTriangle_testNG.testing.StrengthAndConNumberPageTest" name="TTG_STR_003_verifyNumberPageProductDisplayed" time="10.493"/>
  <system-out/>
  <testcase classname="techTriangle_testNG.testing.StrengthAndConNumberPageTest" name="TTG_STR_001_verifyStrengthAndConditioningTab" time="4.184"/>
  <system-out/>
  <testcase classname="techTriangle_testNG.testing.StrengthAndConNumberPageTest" name="TTG_STR_002_verifyProductGroupInStrengthAndConditioning" time="0.696"/>
  <system-out/>
</testsuite> <!-- techTriangle_testNG.testing.StrengthAndConNumberPageTest -->
