<?xml version="1.0" encoding="UTF-8"?>
<!-- Generated by org.testng.reporters.JUnitReportReporter -->
<testsuite hostname="Lalis-MBP.fios-router.home" failures="0" tests="3" name="techTriangle_testNG.testing.FooterTest" time="37.759" errors="0" timestamp="2022-06-28T00:41:02 EDT" skipped="0">
  <testcase classname="techTriangle_testNG.testing.FooterTest" name="TTG_FOOTER_002_FBVerify" time="8.895"/>
  <system-out/>
  <testcase classname="techTriangle_testNG.testing.FooterTest" name="TTG_FOOTER_001_contactUs" time="7.880"/>
  <system-out/>
  <testcase classname="techTriangle_testNG.testing.FooterTest" name="TTG_FOOTER_003_InstgramVerify" time="20.984"/>
  <system-out/>
</testsuite> <!-- techTriangle_testNG.testing.FooterTest -->
