<?xml version="1.0" encoding="UTF-8"?>
<!-- Generated by org.testng.reporters.JUnitReportReporter -->
<testsuite hostname="Lalis-MBP.fios-router.home" failures="0" tests="1" name="techTriangle_testNG.testing.Template" time="0.007" errors="0" timestamp="2022-06-10T23:02:04 EDT" skipped="0">
  <testcase classname="techTriangle_testNG.testing.Template" name="test" time="0.007"/>
  <system-out/>
</testsuite> <!-- techTriangle_testNG.testing.Template -->
