<?xml version="1.0" encoding="UTF-8"?>
<!-- Generated by org.testng.reporters.JUnitReportReporter -->
<testsuite hostname="DESKTOP-J4MDNS6" failures="0" tests="1" name="techTriangle_testNG.testing.EbikesPageTest" time="24.227" errors="0" timestamp="2022-06-25T12:07:00 EDT" skipped="0">
  <testcase classname="techTriangle_testNG.testing.EbikesPageTest" name="VerifyProductListInsideEbikesPage" time="24.227"/>
  <system-out/>
</testsuite> <!-- techTriangle_testNG.testing.EbikesPageTest -->
