<?xml version="1.0" encoding="UTF-8"?>
<!-- Generated by org.testng.reporters.JUnitReportReporter -->
<testsuite hostname="Lalis-MBP.fios-router.home" failures="0" tests="4" name="techTriangle_testNG.testing.EbikesPageTest" time="27.156" errors="0" timestamp="2022-06-26T16:05:41 EDT" skipped="0">
  <testcase classname="techTriangle_testNG.testing.EbikesPageTest" name="EB_01_VerifyEBikesTab" time="2.811"/>
  <system-out/>
  <testcase classname="techTriangle_testNG.testing.EbikesPageTest" name="EB_02_VerifySortByPartNumber" time="23.536"/>
  <system-out/>
  <testcase classname="techTriangle_testNG.testing.EbikesPageTest" name="EB_04_VerifySortByPrice" time="0.496"/>
  <system-out/>
  <testcase classname="techTriangle_testNG.testing.EbikesPageTest" name="EB_03_VerifySortByDescription" time="0.313"/>
  <system-out/>
</testsuite> <!-- techTriangle_testNG.testing.EbikesPageTest -->
