<?xml version="1.0" encoding="UTF-8"?>
<!-- Generated by org.testng.reporters.JUnitReportReporter -->
<testsuite hostname="Lalis-MBP.fios-router.home" failures="0" tests="6" name="techTriangle_testNG.testing.ShippingEstimateTest" time="18.469" errors="0" timestamp="2022-06-26T20:15:38 EDT" skipped="0">
  <testcase classname="techTriangle_testNG.testing.ShippingEstimateTest" name="VerifyCartShipmentWithValidInfo" time="2.428"/>
  <system-out/>
  <testcase classname="techTriangle_testNG.testing.ShippingEstimateTest" name="VerifyLogin" time="4.190"/>
  <system-out/>
  <testcase classname="techTriangle_testNG.testing.ShippingEstimateTest" name="VerifyLogin" time="2.523"/>
  <system-out/>
  <testcase classname="techTriangle_testNG.testing.ShippingEstimateTest" name="VerifyLogin" time="2.365"/>
  <system-out/>
  <testcase classname="techTriangle_testNG.testing.ShippingEstimateTest" name="VerifyLogin" time="2.226"/>
  <system-out/>
  <testcase classname="techTriangle_testNG.testing.ShippingEstimateTest" name="VerifyLogin" time="4.737"/>
  <system-out/>
</testsuite> <!-- techTriangle_testNG.testing.ShippingEstimateTest -->
