<?xml version="1.0" encoding="UTF-8"?>
<!-- Generated by org.testng.reporters.JUnitReportReporter -->
<testsuite hostname="Lalis-MBP.fios-router.home" failures="0" tests="5" name="techTriangle_testNG.testing.weightsProductTest" time="30.137" errors="0" timestamp="2022-06-24T20:16:53 EDT" skipped="0">
  <testcase classname="techTriangle_testNG.testing.weightsProductTest" name="TTG_WPP_002_verifyAddOutOfStockProduct" time="7.856"/>
  <system-out/>
  <testcase classname="techTriangle_testNG.testing.weightsProductTest" name="TTG_WPP_004_verifyShoppingProcess" time="11.545"/>
  <system-out/>
  <testcase classname="techTriangle_testNG.testing.weightsProductTest" name="TTG_WPP_005_verifyAbleToClearAllItemWithClearBtn" time="2.858"/>
  <system-out/>
  <testcase classname="techTriangle_testNG.testing.weightsProductTest" name="TTG_WPP_003_verifyAddAvalibleProduct" time="3.624"/>
  <system-out/>
  <testcase classname="techTriangle_testNG.testing.weightsProductTest" name="TTG_WPP_001_verifyWeightsTab" time="4.254"/>
  <system-out/>
</testsuite> <!-- techTriangle_testNG.testing.weightsProductTest -->
