<?xml version="1.0" encoding="UTF-8"?>
<!-- Generated by org.testng.reporters.JUnitReportReporter -->
<testsuite hostname="Lalis-MBP.fios-router.home" failures="0" tests="5" name="techTriangle_testNG.testing.WeightsProductTest" time="30.998" errors="0" timestamp="2022-06-27T14:15:40 EDT" skipped="0">
  <testcase classname="techTriangle_testNG.testing.WeightsProductTest" name="TTG_WPP_002_verifyAddOutOfStockProduct" time="8.698"/>
  <system-out/>
  <testcase classname="techTriangle_testNG.testing.WeightsProductTest" name="TTG_WPP_003_verifyAddAvalibleProduct" time="3.587"/>
  <system-out/>
  <testcase classname="techTriangle_testNG.testing.WeightsProductTest" name="TTG_WPP_004_verifyShoppingProcess" time="11.001"/>
  <system-out/>
  <testcase classname="techTriangle_testNG.testing.WeightsProductTest" name="TTG_WPP_005_verifyAbleToClearAllItemWithClearBtn" time="3.328"/>
  <system-out/>
  <testcase classname="techTriangle_testNG.testing.WeightsProductTest" name="TTG_WPP_001_verifyWeightsTab" time="4.384"/>
  <system-out/>
</testsuite> <!-- techTriangle_testNG.testing.WeightsProductTest -->
