<?xml version="1.0" encoding="UTF-8"?>
<!-- Generated by org.testng.reporters.JUnitReportReporter -->
<testsuite hostname="DESKTOP-J4MDNS6" failures="0" tests="1" name="techTriangle_testNG.testing.HomePageAddItemTest" time="14.545" errors="0" timestamp="2022-06-25T12:08:15 EDT" skipped="0">
  <testcase classname="techTriangle_testNG.testing.HomePageAddItemTest" name="homePage_AddItemToCart" time="14.545"/>
  <system-out/>
</testsuite> <!-- techTriangle_testNG.testing.HomePageAddItemTest -->
