<?xml version="1.0" encoding="UTF-8"?>
<!-- Generated by org.testng.reporters.JUnitReportReporter -->
<testsuite hostname="DESKTOP-J4MDNS6" failures="0" tests="2" name="techTriangle_testNG.testing.Test_HomePage" time="27.240" errors="0" timestamp="2022-06-23T20:52:49 EDT" skipped="0">
  <testcase classname="techTriangle_testNG.testing.Test_HomePage" name="homePage_imageClickable" time="16.052"/>
  <system-out/>
  <testcase classname="techTriangle_testNG.testing.Test_HomePage" name="homePage_AddItemToCart" time="11.188"/>
  <system-out/>
</testsuite> <!-- techTriangle_testNG.testing.Test_HomePage -->
