<?xml version="1.0" encoding="UTF-8"?>
<!-- Generated by org.testng.reporters.JUnitReportReporter -->
<testsuite hostname="DESKTOP-J4MDNS6" failures="0" tests="1" name="techTriangle_testNG.testing.HomePageAddItemToCard" time="12.290" errors="0" timestamp="2022-06-24T23:20:37 EDT" skipped="0">
  <testcase classname="techTriangle_testNG.testing.HomePageAddItemToCard" name="homePage_AddItemToCart" time="12.290"/>
  <system-out/>
</testsuite> <!-- techTriangle_testNG.testing.HomePageAddItemToCard -->
