<?xml version="1.0" encoding="UTF-8"?>
<!-- Generated by org.testng.reporters.JUnitReportReporter -->
<testsuite hostname="Lalis-MBP.fios-router.home" failures="0" tests="4" name="techTriangle_testNG.testing.ShippingEstimateTest" time="15.964" errors="0" timestamp="2022-06-23T15:14:12 EDT" skipped="0">
  <testcase classname="techTriangle_testNG.testing.ShippingEstimateTest" name="VerifyCartShipmentWithValidInfo" time="6.166"/>
  <system-out/>
  <testcase classname="techTriangle_testNG.testing.ShippingEstimateTest" name="VerifyLogin" time="3.277"/>
  <system-out/>
  <testcase classname="techTriangle_testNG.testing.ShippingEstimateTest" name="VerifyLogin" time="3.297"/>
  <system-out/>
  <testcase classname="techTriangle_testNG.testing.ShippingEstimateTest" name="VerifyLogin" time="3.224"/>
  <system-out/>
</testsuite> <!-- techTriangle_testNG.testing.ShippingEstimateTest -->
