<?xml version="1.0" encoding="UTF-8"?>
<!-- Generated by org.testng.reporters.JUnitReportReporter -->
<testsuite hostname="Lalis-MBP.fios-router.home" failures="0" tests="1" name="techTriangle_testNG.testing.HomePageImageClickableTest" time="20.450" errors="0" timestamp="2022-06-26T20:15:38 EDT" skipped="0">
  <testcase classname="techTriangle_testNG.testing.HomePageImageClickableTest" name="homePage_imageClickable" time="20.450"/>
  <system-out/>
</testsuite> <!-- techTriangle_testNG.testing.HomePageImageClickableTest -->
