<?xml version="1.0" encoding="UTF-8"?>
<!-- Generated by org.testng.reporters.JUnitReportReporter -->
<testsuite hostname="DESKTOP-J4MDNS6" failures="0" tests="2" name="techTriangle_testNG.testing.Test_HomePage" time="11.122" errors="0" timestamp="2022-06-20T19:04:32 EDT" skipped="1">
  <testcase classname="techTriangle_testNG.testing.Test_HomePage" name="homePage_imageClickable" time="11.122"/>
  <system-out/>
  <testcase classname="techTriangle_testNG.testing.Test_HomePage" name="HomePage_AddItemToCart">
    <skipped/>
  </testcase> <!-- HomePage_AddItemToCart -->
  <system-out/>
</testsuite> <!-- techTriangle_testNG.testing.Test_HomePage -->
