<?xml version="1.0" encoding="UTF-8"?>
<!-- Generated by org.testng.reporters.JUnitReportReporter -->
<testsuite hostname="Lalis-MBP.fios-router.home" failures="0" tests="5" name="techTriangle_testNG.testing.weightsProductTest" time="46.844" errors="0" timestamp="2022-06-23T00:40:58 EDT" skipped="0">
  <testcase classname="techTriangle_testNG.testing.weightsProductTest" name="TTG_WPP_002_verifyAddOutOfStockProduct" time="6.693"/>
  <system-out/>
  <testcase classname="techTriangle_testNG.testing.weightsProductTest" name="TTG_WPP_001_verifyWeightsTab" time="5.676"/>
  <system-out/>
  <testcase classname="techTriangle_testNG.testing.weightsProductTest" name="TTG_WPP_003_verifyAddAvalibleProduct" time="3.711"/>
  <system-out/>
  <testcase classname="techTriangle_testNG.testing.weightsProductTest" name="TTG_WPP_004_verifyShoppingProcess" time="10.898"/>
  <system-out/>
  <testcase classname="techTriangle_testNG.testing.weightsProductTest" name="TTG_WPP_005_verifyAbleToClearAllItemWithClearBtn" time="19.866"/>
  <system-out/>
</testsuite> <!-- techTriangle_testNG.testing.weightsProductTest -->
