<?xml version="1.0" encoding="UTF-8"?>
<!-- Generated by org.testng.reporters.JUnitReportReporter -->
<testsuite hostname="Lalis-MBP.fios-router.home" failures="0" tests="6" name="techTriangle_testNG.testing.ShippingEstimateTest" time="18.751" errors="0" timestamp="2022-06-27T14:15:40 EDT" skipped="0">
  <testcase classname="techTriangle_testNG.testing.ShippingEstimateTest" name="VerifyCartShipmentWithValidInfo" time="2.326"/>
  <system-out/>
  <testcase classname="techTriangle_testNG.testing.ShippingEstimateTest" name="VerifyLogin" time="2.309"/>
  <system-out/>
  <testcase classname="techTriangle_testNG.testing.ShippingEstimateTest" name="VerifyLogin" time="2.423"/>
  <system-out/>
  <testcase classname="techTriangle_testNG.testing.ShippingEstimateTest" name="VerifyLogin" time="4.718"/>
  <system-out/>
  <testcase classname="techTriangle_testNG.testing.ShippingEstimateTest" name="VerifyLogin" time="4.336"/>
  <system-out/>
  <testcase classname="techTriangle_testNG.testing.ShippingEstimateTest" name="VerifyLogin" time="2.639"/>
  <system-out/>
</testsuite> <!-- techTriangle_testNG.testing.ShippingEstimateTest -->
