<?xml version="1.0" encoding="UTF-8"?>
<!-- Generated by org.testng.reporters.JUnitReportReporter -->
<testsuite hostname="Lalis-MBP.fios-router.home" failures="0" tests="5" name="techTriangle_testNG.testing.weightsProductTest" time="29.397" errors="0" timestamp="2022-06-26T20:15:38 EDT" skipped="0">
  <testcase classname="techTriangle_testNG.testing.weightsProductTest" name="TTG_WPP_003_verifyAddAvalibleProduct" time="3.356"/>
  <system-out/>
  <testcase classname="techTriangle_testNG.testing.weightsProductTest" name="TTG_WPP_002_verifyAddOutOfStockProduct" time="7.580"/>
  <system-out/>
  <testcase classname="techTriangle_testNG.testing.weightsProductTest" name="TTG_WPP_001_verifyWeightsTab" time="4.202"/>
  <system-out/>
  <testcase classname="techTriangle_testNG.testing.weightsProductTest" name="TTG_WPP_004_verifyShoppingProcess" time="10.987"/>
  <system-out/>
  <testcase classname="techTriangle_testNG.testing.weightsProductTest" name="TTG_WPP_005_verifyAbleToClearAllItemWithClearBtn" time="3.272"/>
  <system-out/>
</testsuite> <!-- techTriangle_testNG.testing.weightsProductTest -->
