<?xml version="1.0" encoding="UTF-8"?>
<!-- Generated by org.testng.reporters.JUnitReportReporter -->
<testsuite hostname="Lalis-MBP.fios-router.home" failures="0" tests="7" name="techTriangle_testNG.testing.LoginTest" time="66.480" errors="0" timestamp="2022-06-22T14:46:06 EDT" skipped="0">
  <testcase classname="techTriangle_testNG.testing.LoginTest" name="TTG_LOGIN_001_to_006" time="8.692"/>
  <system-out/>
  <testcase classname="techTriangle_testNG.testing.LoginTest" name="TTG_LOGIN_007" time="11.858"/>
  <system-out/>
  <testcase classname="techTriangle_testNG.testing.LoginTest" name="TTG_LOGIN_001_to_006" time="10.842"/>
  <system-out/>
  <testcase classname="techTriangle_testNG.testing.LoginTest" name="TTG_LOGIN_001_to_006" time="8.733"/>
  <system-out/>
  <testcase classname="techTriangle_testNG.testing.LoginTest" name="TTG_LOGIN_001_to_006" time="8.632"/>
  <system-out/>
  <testcase classname="techTriangle_testNG.testing.LoginTest" name="TTG_LOGIN_001_to_006" time="8.958"/>
  <system-out/>
  <testcase classname="techTriangle_testNG.testing.LoginTest" name="TTG_LOGIN_001_to_006" time="8.765"/>
  <system-out/>
</testsuite> <!-- techTriangle_testNG.testing.LoginTest -->
