<?xml version="1.0" encoding="UTF-8"?>
<!-- Generated by org.testng.reporters.JUnitReportReporter -->
<testsuite hostname="Lalis-MBP.fios-router.home" failures="0" tests="3" name="techTriangle_testNG.testing.StrengthAndConNumberPageTest" time="15.678" errors="0" timestamp="2022-06-27T14:15:40 EDT" skipped="0">
  <testcase classname="techTriangle_testNG.testing.StrengthAndConNumberPageTest" name="TTG_STR_003_verifyNumberPageProductDisplayed" time="13.269"/>
  <system-out/>
  <testcase classname="techTriangle_testNG.testing.StrengthAndConNumberPageTest" name="TTG_STR_001_verifyStrengthAndConditioningTab" time="1.942"/>
  <system-out/>
  <testcase classname="techTriangle_testNG.testing.StrengthAndConNumberPageTest" name="TTG_STR_002_verifyProductGroupInStrengthAndConditioning" time="0.467"/>
  <system-out/>
</testsuite> <!-- techTriangle_testNG.testing.StrengthAndConNumberPageTest -->
