<?xml version="1.0" encoding="UTF-8"?>
<!-- Generated by org.testng.reporters.JUnitReportReporter -->
<testsuite hostname="DESKTOP-J4MDNS6" failures="0" tests="1" name="techTriangle_testNG.testing.Test_RegistrationPage" time="20.849" errors="0" timestamp="2022-06-18T10:21:55 EDT" skipped="0">
  <testcase classname="techTriangle_testNG.testing.Test_RegistrationPage" name="accountRegistration" time="20.849"/>
  <system-out/>
</testsuite> <!-- techTriangle_testNG.testing.Test_RegistrationPage -->
