<?xml version="1.0" encoding="UTF-8"?>
<!-- Generated by org.testng.reporters.JUnitReportReporter -->
<testsuite hostname="Lalis-MBP.fios-router.home" failures="0" tests="3" name="techTriangle_testNG.testing.HomePageSlideTest" time="41.727" errors="0" timestamp="2022-06-23T00:37:25 EDT" skipped="0">
  <testcase classname="techTriangle_testNG.testing.HomePageSlideTest" name="verifyArrowRightFunction" time="7.355"/>
  <system-out/>
  <testcase classname="techTriangle_testNG.testing.HomePageSlideTest" name="verifyArrowLeftFunction" time="5.434"/>
  <system-out/>
  <testcase classname="techTriangle_testNG.testing.HomePageSlideTest" name="verifySlideClickable" time="28.938"/>
  <system-out/>
</testsuite> <!-- techTriangle_testNG.testing.HomePageSlideTest -->
