<?xml version="1.0" encoding="UTF-8"?>
<!-- Generated by org.testng.reporters.JUnitReportReporter -->
<testsuite hostname="Lalis-MBP.fios-router.home" failures="0" tests="4" name="techTriangle_testNG.testing.ShippingEstimateTest" time="16.032" errors="0" timestamp="2022-06-23T00:37:25 EDT" skipped="0">
  <testcase classname="techTriangle_testNG.testing.ShippingEstimateTest" name="VerifyCartShipmentWithValidInfo" time="6.217"/>
  <system-out/>
  <testcase classname="techTriangle_testNG.testing.ShippingEstimateTest" name="VerifyLogin" time="3.289"/>
  <system-out/>
  <testcase classname="techTriangle_testNG.testing.ShippingEstimateTest" name="VerifyLogin" time="3.225"/>
  <system-out/>
  <testcase classname="techTriangle_testNG.testing.ShippingEstimateTest" name="VerifyLogin" time="3.301"/>
  <system-out/>
</testsuite> <!-- techTriangle_testNG.testing.ShippingEstimateTest -->
