<?xml version="1.0" encoding="UTF-8"?>
<!-- Generated by org.testng.reporters.JUnitReportReporter -->
<testsuite hostname="DESKTOP-J4MDNS6" failures="0" tests="2" name="techTriangle_testNG.testing.Test_HomePage" time="26.742" errors="0" timestamp="2022-06-24T20:56:09 EDT" skipped="0">
  <testcase classname="techTriangle_testNG.testing.Test_HomePage" name="homePage_imageClickable" time="15.798"/>
  <system-out/>
  <testcase classname="techTriangle_testNG.testing.Test_HomePage" name="homePage_AddItemToCart" time="10.944"/>
  <system-out/>
</testsuite> <!-- techTriangle_testNG.testing.Test_HomePage -->
