<?xml version="1.0" encoding="UTF-8"?>
<!-- Generated by org.testng.reporters.JUnitReportReporter -->
<testsuite hostname="DESKTOP-J4MDNS6" failures="0" tests="2" name="techTriangle_testNG.testing.Test_HomePage" time="15.557" errors="0" timestamp="2022-06-20T21:56:43 EDT" skipped="1">
  <testcase classname="techTriangle_testNG.testing.Test_HomePage" name="homePage_imageClickable" time="15.557"/>
  <system-out/>
  <testcase classname="techTriangle_testNG.testing.Test_HomePage" name="homePage_AddItemToCart">
    <skipped/>
  </testcase> <!-- homePage_AddItemToCart -->
  <system-out/>
</testsuite> <!-- techTriangle_testNG.testing.Test_HomePage -->
