<?xml version="1.0" encoding="UTF-8"?>
<!-- Generated by org.testng.reporters.JUnitReportReporter -->
<testsuite hostname="Lalis-MBP.fios-router.home" failures="0" tests="5" name="techTriangle_testNG.testing.WeightsProductTest" time="29.993" errors="0" timestamp="2022-06-30T17:14:15 EDT" skipped="0">
  <testcase classname="techTriangle_testNG.testing.WeightsProductTest" name="TTG_WPP_002_verifyAddOutOfStockProduct" time="7.049"/>
  <system-out/>
  <testcase classname="techTriangle_testNG.testing.WeightsProductTest" name="TTG_WPP_005_verifyAbleToClearAllItemWithClearBtn" time="3.713"/>
  <system-out/>
  <testcase classname="techTriangle_testNG.testing.WeightsProductTest" name="TTG_WPP_004_verifyShoppingProcess" time="11.058"/>
  <system-out/>
  <testcase classname="techTriangle_testNG.testing.WeightsProductTest" name="TTG_WPP_001_verifyWeightsTab" time="4.363"/>
  <system-out/>
  <testcase classname="techTriangle_testNG.testing.WeightsProductTest" name="TTG_WPP_003_verifyAddAvalibleProduct" time="3.810"/>
  <system-out/>
</testsuite> <!-- techTriangle_testNG.testing.WeightsProductTest -->
