<?xml version="1.0" encoding="UTF-8"?>
<!-- Generated by org.testng.reporters.JUnitReportReporter -->
<testsuite hostname="DESKTOP-J4MDNS6" failures="0" tests="1" name="techTriangle_testNG.testing.Test_EbikesPage" time="23.016" errors="0" timestamp="2022-06-23T17:52:01 EDT" skipped="0">
  <testcase classname="techTriangle_testNG.testing.Test_EbikesPage" name="VerifyProductListInsideEbikesPage" time="23.016"/>
  <system-out/>
</testsuite> <!-- techTriangle_testNG.testing.Test_EbikesPage -->
