<?xml version="1.0" encoding="UTF-8"?>
<!-- Generated by org.testng.reporters.JUnitReportReporter -->
<testsuite hostname="Lalis-MBP.fios-router.home" failures="0" tests="1" name="techTriangle_testNG.testing.HomePageAddItemTest" time="18.154" errors="0" timestamp="2022-06-27T14:15:40 EDT" skipped="0">
  <testcase classname="techTriangle_testNG.testing.HomePageAddItemTest" name="homePage_AddItemToCart" time="18.154"/>
  <system-out/>
</testsuite> <!-- techTriangle_testNG.testing.HomePageAddItemTest -->
