<?xml version="1.0" encoding="UTF-8"?>
<!-- Generated by org.testng.reporters.JUnitReportReporter -->
<testsuite hostname="DESKTOP-J4MDNS6" failures="0" tests="1" name="techTriangle_testNG.testing.Test_HomePage" time="11.430" errors="0" timestamp="2022-06-19T17:09:19 EDT" skipped="0">
  <testcase classname="techTriangle_testNG.testing.Test_HomePage" name="addItemToCart" time="11.430"/>
  <system-out/>
</testsuite> <!-- techTriangle_testNG.testing.Test_HomePage -->
