<?xml version="1.0" encoding="UTF-8"?>
<!-- Generated by org.testng.reporters.JUnitReportReporter -->
<testsuite hostname="Lalis-MBP.fios-router.home" failures="0" tests="7" name="techTriangle_testNG.testing.LoginTest" time="78.011" errors="0" timestamp="2022-06-23T00:37:25 EDT" skipped="0">
  <testcase classname="techTriangle_testNG.testing.LoginTest" name="TTG_LOGIN_001_to_006" time="9.468"/>
  <system-out/>
  <testcase classname="techTriangle_testNG.testing.LoginTest" name="TTG_LOGIN_007" time="13.102"/>
  <system-out/>
  <testcase classname="techTriangle_testNG.testing.LoginTest" name="TTG_LOGIN_001_to_006" time="8.457"/>
  <system-out/>
  <testcase classname="techTriangle_testNG.testing.LoginTest" name="TTG_LOGIN_001_to_006" time="13.169"/>
  <system-out/>
  <testcase classname="techTriangle_testNG.testing.LoginTest" name="TTG_LOGIN_001_to_006" time="11.120"/>
  <system-out/>
  <testcase classname="techTriangle_testNG.testing.LoginTest" name="TTG_LOGIN_001_to_006" time="11.480"/>
  <system-out/>
  <testcase classname="techTriangle_testNG.testing.LoginTest" name="TTG_LOGIN_001_to_006" time="11.215"/>
  <system-out/>
</testsuite> <!-- techTriangle_testNG.testing.LoginTest -->
