<?xml version="1.0" encoding="UTF-8"?>
<!-- Generated by org.testng.reporters.JUnitReportReporter -->
<testsuite hostname="Lalis-MBP.fios-router.home" failures="0" tests="1" name="techTriangle_testNG.testing.Template" time="0.093" errors="0" timestamp="2022-06-22T12:51:20 EDT" skipped="0">
  <testcase classname="techTriangle_testNG.testing.Template" name="test" time="0.093"/>
  <system-out/>
</testsuite> <!-- techTriangle_testNG.testing.Template -->
