<?xml version="1.0" encoding="UTF-8"?>
<!-- Generated by org.testng.reporters.JUnitReportReporter -->
<testsuite hostname="Lalis-MBP.fios-router.home" failures="0" tests="5" name="techTriangle_testNG.testing.weightsProductTest" time="29.487" errors="0" timestamp="2022-06-19T21:29:34 EDT" skipped="0">
  <testcase classname="techTriangle_testNG.testing.weightsProductTest" name="TTG_WPP_003_verifyAddAvalibleProduct" time="3.590"/>
  <system-out/>
  <testcase classname="techTriangle_testNG.testing.weightsProductTest" name="TTG_WPP_004_verifyShoppingProcess" time="10.886"/>
  <system-out/>
  <testcase classname="techTriangle_testNG.testing.weightsProductTest" name="TTG_WPP_001_verifyWeightsTab" time="3.274"/>
  <system-out/>
  <testcase classname="techTriangle_testNG.testing.weightsProductTest" name="TTG_WPP_005_verifyAbleToClearAllItemWithClearBtn" time="3.581"/>
  <system-out/>
  <testcase classname="techTriangle_testNG.testing.weightsProductTest" name="TTG_WPP_002_verifyAddOutOfStockProduct" time="8.156"/>
  <system-out/>
</testsuite> <!-- techTriangle_testNG.testing.weightsProductTest -->
