<?xml version="1.0" encoding="UTF-8"?>
<!-- Generated by org.testng.reporters.JUnitReportReporter -->
<testsuite hostname="Lalis-MBP.fios-router.home" failures="0" tests="7" name="techTriangle_testNG.testing.LoginTest" time="9.851" errors="0" timestamp="2022-06-26T20:15:38 EDT" skipped="0">
  <testcase classname="techTriangle_testNG.testing.LoginTest" name="TTG_LOGIN_001_to_006_verifyLoginFailed" time="1.183"/>
  <system-out/>
  <testcase classname="techTriangle_testNG.testing.LoginTest" name="TTG_LOGIN_007_verifyLoginSuccess" time="1.940"/>
  <system-out/>
  <testcase classname="techTriangle_testNG.testing.LoginTest" name="TTG_LOGIN_001_to_006_verifyLoginFailed" time="1.155"/>
  <system-out/>
  <testcase classname="techTriangle_testNG.testing.LoginTest" name="TTG_LOGIN_001_to_006_verifyLoginFailed" time="1.123"/>
  <system-out/>
  <testcase classname="techTriangle_testNG.testing.LoginTest" name="TTG_LOGIN_001_to_006_verifyLoginFailed" time="1.450"/>
  <system-out/>
  <testcase classname="techTriangle_testNG.testing.LoginTest" name="TTG_LOGIN_001_to_006_verifyLoginFailed" time="1.857"/>
  <system-out/>
  <testcase classname="techTriangle_testNG.testing.LoginTest" name="TTG_LOGIN_001_to_006_verifyLoginFailed" time="1.143"/>
  <system-out/>
</testsuite> <!-- techTriangle_testNG.testing.LoginTest -->
