<?xml version="1.0" encoding="UTF-8"?>
<!-- Generated by org.testng.reporters.JUnitReportReporter -->
<testsuite hostname="Lalis-MBP.fios-router.home" failures="0" tests="3" name="techTriangle_testNG.testing.StrengthAndConNumberPageTest" time="16.538" errors="0" timestamp="2022-06-17T13:23:00 EDT" skipped="0">
  <testcase classname="techTriangle_testNG.testing.StrengthAndConNumberPageTest" name="TTG_STR_003_verifyNumberPageProductDisplayed" time="13.102"/>
  <system-out/>
  <testcase classname="techTriangle_testNG.testing.StrengthAndConNumberPageTest" name="TTG_STR_001_verifyStrengthAndConditioningTab" time="1.970"/>
  <system-out/>
  <testcase classname="techTriangle_testNG.testing.StrengthAndConNumberPageTest" name="TTG_STR_002_verifyProductGroupInStrengthAndConditioning" time="1.466"/>
  <system-out/>
</testsuite> <!-- techTriangle_testNG.testing.StrengthAndConNumberPageTest -->
