<?xml version="1.0" encoding="UTF-8"?>
<!-- Generated by org.testng.reporters.JUnitReportReporter -->
<testsuite hostname="DESKTOP-J4MDNS6" failures="0" tests="2" name="techTriangle_testNG.testing.Test_HomePage" time="24.677" errors="0" timestamp="2022-06-21T23:06:32 EDT" skipped="0">
  <testcase classname="techTriangle_testNG.testing.Test_HomePage" name="homePage_imageClickable" time="14.720"/>
  <system-out/>
  <testcase classname="techTriangle_testNG.testing.Test_HomePage" name="homePage_AddItemToCart" time="9.957"/>
  <system-out/>
</testsuite> <!-- techTriangle_testNG.testing.Test_HomePage -->
